error
critical
error
critical
error
critical
error
critical
error
critical
error
critical
error
critical
error
critical
error
critical
error
critical
error
critical
error
critical
error
critical
error
critical
error
critical
error
critical
error
critical
# Check the input Data , Not found in TBCP_MEMBER_INFOr
# Check the input Data , Not found in TBCP_MEMBER_INFO[ccp]
# Check the input Data , Not found in TBCP_MEMBER_INFO
# Check the input Data , Not found in TBCP_MEMBER_INFO
# This Member[00002] does not has [ccp] or [ndf], Check the input Market, Product, Member
# Input v_market:[ccp] v_product:[ndf] v_member:[00002]
# This Member[00002] does not have [ccp] or [ndf], Check the input Market, Product, Member in TBCP_MEMBER_INFO~ !!
# Input v_market:[ccp] v_product:[ndf] v_member:[00002]
# This Member[00002] does not have [ccp] or [ndf], Check the input Market, Product, Member in TBCP_MEMBER_INFO~ !!
# Input v_market:[ccp] v_product:[ndf] v_member:[00002]
# This Member[00002] does not have [ccp] or [ndf], Check the input Market, Product, Member in TBCP_MEMBER_INFO~ !!
2018-05-29 16:04:29,422	[ERROR]	ccp	views.py[194]	# Input v_market:[ccp] v_product:[ndf] v_member:[00002] 
2018-05-29 16:04:29,422	[ERROR]	ccp	views.py[195]	# This Member[00002] does not have [ccp] or [ndf], Check the input Market, Product, Member in TBCP_MEMBER_INFO~ !! 
2018-05-29 16:05:46,707	ERROR	ccp	views.py[194]	# Input v_market:[ccp] v_product:[ndf] v_member:[00002] 
2018-05-29 16:05:46,708	ERROR	ccp	views.py[195]	# This Member[00002] does not have [ccp] or [ndf], Check the input Market, Product, Member in TBCP_MEMBER_INFO~ !! 
2018-05-29 16:07:33,874	ERROR	ccp	views.py[194]	# Input v_market:[ccp] v_product:[ndf] v_member:[00002] 
2018-05-29 16:07:33,875	ERROR	ccp	views.py[195]	# This Member[00002] does not have [ccp] or [ndf], Check the input Market, Product, Member in TBCP_MEMBER_INFO~ !! 
2018-05-29 17:26:52,020	ERROR	ccp	views.py[242]	Check the Input Date[20180528], old_date_use[no] 
2018-05-29 17:26:52,022	ERROR	ccp.TBCP_MEMBER_LIST_STAT_INFO_ViewSet	views.py[92]	# ERROR_PATH [CHECK_DATE] 
2018-06-04 15:00:17,120	ERROR	ccp.TBCP_MEMBER_LIST_STAT_INFO_ViewSet	views.py[105]	# ERROR_PATH [tcpmih00101] 
2018-06-04 15:04:22,866	ERROR	ccp.TBCP_MEMBER_LIST_STAT_INFO_ViewSet	views.py[107]	# ERROR_PATH [tcpmih00101] 
2018-06-04 15:06:28,848	ERROR	ccp.TBCP_MEMBER_LIST_STAT_INFO_ViewSet	views.py[107]	# ERROR_PATH [all] 
2018-06-04 15:11:41,365	ERROR	ccp.TBCP_MEMBER_LIST_STAT_INFO_ViewSet	views.py[107]	# ERROR_PATH [all] 
2018-06-04 16:11:02,514	ERROR	ccp.TBCP_MEMBER_LIST_STAT_INFO_ViewSet	views.py[95]	# UrlCheckViewCommon() ERROR_PATH [CHECK_ITEM] 
2018-06-04 16:15:50,758	ERROR	ccp.TBCP_MEMBER_LIST_STAT_INFO_ViewSet	views.py[95]	# UrlCheckViewCommon() ERROR_PATH [CHECK_ITEM] 
